<?xml version="1.0" encoding="UTF-8"?>
<!-- Generated by org.testng.reporters.JUnitReportReporter -->
<testsuite skipped="0" hostname="LAPTOP-I0USUBRR" name="testcases.Login_TestCase" tests="1" failures="0" timestamp="16 Jul 2020 08:58:10 GMT" time="23.698" errors="0">
  <testcase name="login_HRM" time="23.698" classname="testcases.Login_TestCase"/>
</testsuite> <!-- testcases.Login_TestCase -->
