<?xml version="1.0" encoding="UTF-8"?>
<!-- Generated by org.testng.reporters.JUnitReportReporter -->
<testsuite skipped="0" hostname="LAPTOP-I0USUBRR" name="testcases.Addemp_Testcase" tests="1" failures="0" timestamp="16 Jul 2020 08:58:10 GMT" time="33.100" errors="0">
  <testcase name="Addemp_HRM" time="33.100" classname="testcases.Addemp_Testcase"/>
</testsuite> <!-- testcases.Addemp_Testcase -->
