<?xml version="1.0" encoding="UTF-8"?>
<!-- Generated by org.testng.reporters.JUnitReportReporter -->
<testsuite skipped="0" hostname="LAPTOP-I0USUBRR" name="testcases.Pim_Testcase" tests="1" failures="0" timestamp="16 Jul 2020 08:58:10 GMT" time="18.238" errors="0">
  <testcase name="Pim_HRM" time="18.238" classname="testcases.Pim_Testcase"/>
</testsuite> <!-- testcases.Pim_Testcase -->
