<?xml version="1.0" encoding="UTF-8"?>
<!-- Generated by org.testng.reporters.JUnitReportReporter -->
<testsuite skipped="0" hostname="LAPTOP-I0USUBRR" name="database.Learndatabasetesting" tests="1" failures="0" timestamp="12 Jul 2020 08:17:22 GMT" time="2.780" errors="0">
  <testcase name="connectDataBase" time="2.780" classname="database.Learndatabasetesting"/>
</testsuite> <!-- database.Learndatabasetesting -->
