<?xml version="1.0" encoding="UTF-8"?>
<!-- Generated by org.testng.reporters.JUnitReportReporter -->
<testsuite skipped="0" hostname="LAPTOP-I0USUBRR" name="testcases.Admin_TestCase" tests="1" failures="0" timestamp="08 Jul 2020 06:13:21 GMT" time="27.877" errors="0">
  <testcase name="Admin_HRM" time="27.877" classname="testcases.Admin_TestCase"/>
</testsuite> <!-- testcases.Admin_TestCase -->
