<?xml version="1.0" encoding="UTF-8"?>
<!-- Generated by org.testng.reporters.JUnitReportReporter -->
<testsuite skipped="0" hostname="LAPTOP-I0USUBRR" name="testcases.Pimemp_Testcase" tests="1" failures="0" timestamp="16 Jul 2020 08:58:10 GMT" time="27.054" errors="0">
  <testcase name="Pimemp_HRM" time="27.054" classname="testcases.Pimemp_Testcase"/>
</testsuite> <!-- testcases.Pimemp_Testcase -->
